fatal: No names found, cannot describe anything.
[31mCMake Error at /usr/share/cmake-3.28/Modules/CPack.cmake:685 (message):
  CPack license resource file:
  "/home/wuji/wujihand/wujihand-ros2/wujihand_ws/src/wujihand/wujihand_driver/LICENSE"
  could not be found.
Call Stack (most recent call first):
  /usr/share/cmake-3.28/Modules/CPack.cmake:690 (cpack_check_file_exists)
  /home/wuji/wujihand/wujihand-ros2/third_party/wujihandpy/wujihandcpp/CMakeLists.txt:191 (include)

[0m
[0mCMake Deprecation Warning at /opt/ros/kilted/share/ament_cmake_target_dependencies/cmake/ament_target_dependencies.cmake:87 (message):
  ament_target_dependencies() is deprecated.  Use target_link_libraries()
  with modern CMake targets instead.  Try replacing this call with:

    target_link_libraries(wujihand_driver_node PUBLIC
      ${sensor_msgs_TARGETS}
      ${std_msgs_TARGETS}
      ${wujihand_msgs_TARGETS}
      rclcpp::rclcpp
      sensor_msgs::sensor_msgs_library
    )

Call Stack (most recent call first):
  CMakeLists.txt:37 (ament_target_dependencies)

[0m
