-- The C compiler identification is GNU 13.3.0
-- The CXX compiler identification is GNU 13.3.0
-- Detecting C compiler ABI info
-- Detecting C compiler ABI info - done
-- Check for working C compiler: /usr/bin/cc - skipped
-- Detecting C compile features
-- Detecting C compile features - done
-- Detecting CXX compiler ABI info
-- Detecting CXX compiler ABI info - done
-- Check for working CXX compiler: /usr/bin/c++ - skipped
-- Detecting CXX compile features
-- Detecting CXX compile features - done
-- Found ament_cmake: 2.7.3 (/opt/ros/kilted/share/ament_cmake/cmake)
-- Found Python3: /usr/bin/python3 (found version "3.12.3") found components: Interpreter 
-- Found rosidl_default_generators: 1.7.1 (/opt/ros/kilted/share/rosidl_default_generators/cmake)
-- Using all available rosidl_typesupport_c: rosidl_typesupport_fastrtps_c;rosidl_typesupport_introspection_c
-- Using all available rosidl_typesupport_cpp: rosidl_typesupport_fastrtps_cpp;rosidl_typesupport_introspection_cpp
-- Found rosidl_adapter: 4.9.5 (/opt/ros/kilted/share/rosidl_adapter/cmake)
-- Found std_msgs: 5.5.1 (/opt/ros/kilted/share/std_msgs/cmake)
-- Found ament_cmake_ros_core: 0.14.5 (/opt/ros/kilted/share/ament_cmake_ros_core/cmake)
-- Using all available rosidl_typesupport_c: rosidl_typesupport_fastrtps_c;rosidl_typesupport_introspection_c
-- Using all available rosidl_typesupport_cpp: rosidl_typesupport_fastrtps_cpp;rosidl_typesupport_introspection_cpp
-- Found Python3: /usr/bin/python3 (found version "3.12.3") found components: Interpreter Development NumPy Development.Module Development.Embed 
-- Configuring done (4.5s)
-- Generating done (0.1s)
-- Build files have been written to: /home/wuji/wujihand/wujihand-ros2/wujihand_ws/build/wujihand_msgs
[  1%] [34m[1mGenerating type hashes for ROS interfaces[0m
[  1%] Built target ament_cmake_python_copy_wujihand_msgs
running egg_info
creating wujihand_msgs.egg-info
writing wujihand_msgs.egg-info/PKG-INFO
writing dependency_links to wujihand_msgs.egg-info/dependency_links.txt
writing top-level names to wujihand_msgs.egg-info/top_level.txt
writing manifest file 'wujihand_msgs.egg-info/SOURCES.txt'
reading manifest file 'wujihand_msgs.egg-info/SOURCES.txt'
writing manifest file 'wujihand_msgs.egg-info/SOURCES.txt'
[  1%] Built target ament_cmake_python_build_wujihand_msgs_egg
[  1%] Built target wujihand_msgs__rosidl_generator_type_description
[  2%] [34m[1mGenerating C code for ROS interfaces[0m
[  3%] [34m[1mGenerating C++ code for ROS interfaces[0m
[  3%] Built target wujihand_msgs__cpp
[  7%] [32mBuilding C object CMakeFiles/wujihand_msgs__rosidl_generator_c.dir/rosidl_generator_c/wujihand_msgs/msg/detail/hand_command__description.c.o[0m
[  7%] [32mBuilding C object CMakeFiles/wujihand_msgs__rosidl_generator_c.dir/rosidl_generator_c/wujihand_msgs/msg/detail/hand_state__type_support.c.o[0m
[  7%] [32mBuilding C object CMakeFiles/wujihand_msgs__rosidl_generator_c.dir/rosidl_generator_c/wujihand_msgs/msg/detail/hand_state__description.c.o[0m
[ 10%] [32mBuilding C object CMakeFiles/wujihand_msgs__rosidl_generator_c.dir/rosidl_generator_c/wujihand_msgs/msg/detail/hand_state__functions.c.o[0m
[  9%] [32mBuilding C object CMakeFiles/wujihand_msgs__rosidl_generator_c.dir/rosidl_generator_c/wujihand_msgs/msg/detail/hand_command__functions.c.o[0m
[ 10%] [32mBuilding C object CMakeFiles/wujihand_msgs__rosidl_generator_c.dir/rosidl_generator_c/wujihand_msgs/msg/detail/hand_command__type_support.c.o[0m
[ 13%] [32mBuilding C object CMakeFiles/wujihand_msgs__rosidl_generator_c.dir/rosidl_generator_c/wujihand_msgs/srv/detail/set_enabled__description.c.o[0m
[ 13%] [32mBuilding C object CMakeFiles/wujihand_msgs__rosidl_generator_c.dir/rosidl_generator_c/wujihand_msgs/srv/detail/get_hand_info__description.c.o[0m
[ 14%] [32mBuilding C object CMakeFiles/wujihand_msgs__rosidl_generator_c.dir/rosidl_generator_c/wujihand_msgs/srv/detail/get_hand_info__type_support.c.o[0m
[ 15%] [32mBuilding C object CMakeFiles/wujihand_msgs__rosidl_generator_c.dir/rosidl_generator_c/wujihand_msgs/srv/detail/set_enabled__type_support.c.o[0m
[ 16%] [32mBuilding C object CMakeFiles/wujihand_msgs__rosidl_generator_c.dir/rosidl_generator_c/wujihand_msgs/srv/detail/get_hand_info__functions.c.o[0m
[ 17%] [32mBuilding C object CMakeFiles/wujihand_msgs__rosidl_generator_c.dir/rosidl_generator_c/wujihand_msgs/srv/detail/get_diagnostics__description.c.o[0m
[ 19%] [32mBuilding C object CMakeFiles/wujihand_msgs__rosidl_generator_c.dir/rosidl_generator_c/wujihand_msgs/srv/detail/get_diagnostics__functions.c.o[0m
[ 20%] [32mBuilding C object CMakeFiles/wujihand_msgs__rosidl_generator_c.dir/rosidl_generator_c/wujihand_msgs/srv/detail/set_enabled__functions.c.o[0m
[ 21%] [32mBuilding C object CMakeFiles/wujihand_msgs__rosidl_generator_c.dir/rosidl_generator_c/wujihand_msgs/srv/detail/get_diagnostics__type_support.c.o[0m
[ 22%] [32mBuilding C object CMakeFiles/wujihand_msgs__rosidl_generator_c.dir/rosidl_generator_c/wujihand_msgs/srv/detail/reset_error__functions.c.o[0m
[ 23%] [32mBuilding C object CMakeFiles/wujihand_msgs__rosidl_generator_c.dir/rosidl_generator_c/wujihand_msgs/srv/detail/reset_error__type_support.c.o[0m
[ 25%] [32mBuilding C object CMakeFiles/wujihand_msgs__rosidl_generator_c.dir/rosidl_generator_c/wujihand_msgs/srv/detail/reset_error__description.c.o[0m
[ 26%] [32m[1mLinking C shared library libwujihand_msgs__rosidl_generator_c.so[0m
[ 26%] Built target wujihand_msgs__rosidl_generator_c
[ 30%] [34m[1mGenerating C++ type support dispatch for ROS interfaces[0m
[ 30%] [34m[1mGenerating C introspection for ROS interfaces[0m
[ 30%] [34m[1mGenerating C type support dispatch for ROS interfaces[0m
[ 30%] [34m[1mGenerating C type support for eProsima Fast-RTPS[0m
[ 32%] [34m[1mGenerating C++ type support for eProsima Fast-RTPS[0m
[ 33%] [34m[1mGenerating C++ introspection for ROS interfaces[0m
[ 35%] [32mBuilding CXX object CMakeFiles/wujihand_msgs__rosidl_typesupport_cpp.dir/rosidl_typesupport_cpp/wujihand_msgs/srv/set_enabled__type_support.cpp.o[0m
[ 35%] [32mBuilding CXX object CMakeFiles/wujihand_msgs__rosidl_typesupport_cpp.dir/rosidl_typesupport_cpp/wujihand_msgs/msg/hand_state__type_support.cpp.o[0m
[ 36%] [32mBuilding CXX object CMakeFiles/wujihand_msgs__rosidl_typesupport_cpp.dir/rosidl_typesupport_cpp/wujihand_msgs/msg/hand_command__type_support.cpp.o[0m
[ 38%] [32mBuilding CXX object CMakeFiles/wujihand_msgs__rosidl_typesupport_cpp.dir/rosidl_typesupport_cpp/wujihand_msgs/srv/reset_error__type_support.cpp.o[0m
[ 39%] [32mBuilding CXX object CMakeFiles/wujihand_msgs__rosidl_typesupport_cpp.dir/rosidl_typesupport_cpp/wujihand_msgs/srv/get_hand_info__type_support.cpp.o[0m
[ 40%] [32mBuilding CXX object CMakeFiles/wujihand_msgs__rosidl_typesupport_cpp.dir/rosidl_typesupport_cpp/wujihand_msgs/srv/get_diagnostics__type_support.cpp.o[0m
[ 44%] [32mBuilding CXX object CMakeFiles/wujihand_msgs__rosidl_typesupport_c.dir/rosidl_typesupport_c/wujihand_msgs/msg/hand_state__type_support.cpp.o[0m
[ 44%] [32mBuilding CXX object CMakeFiles/wujihand_msgs__rosidl_typesupport_c.dir/rosidl_typesupport_c/wujihand_msgs/srv/get_diagnostics__type_support.cpp.o[0m
[ 44%] [32mBuilding CXX object CMakeFiles/wujihand_msgs__rosidl_typesupport_c.dir/rosidl_typesupport_c/wujihand_msgs/srv/reset_error__type_support.cpp.o[0m
[ 45%] [32mBuilding CXX object CMakeFiles/wujihand_msgs__rosidl_typesupport_c.dir/rosidl_typesupport_c/wujihand_msgs/msg/hand_command__type_support.cpp.o[0m
[ 46%] [32mBuilding CXX object CMakeFiles/wujihand_msgs__rosidl_typesupport_c.dir/rosidl_typesupport_c/wujihand_msgs/srv/get_hand_info__type_support.cpp.o[0m
[ 47%] [32mBuilding CXX object CMakeFiles/wujihand_msgs__rosidl_typesupport_c.dir/rosidl_typesupport_c/wujihand_msgs/srv/set_enabled__type_support.cpp.o[0m
[ 48%] [32m[1mLinking CXX shared library libwujihand_msgs__rosidl_typesupport_c.so[0m
[ 51%] [32mBuilding CXX object CMakeFiles/wujihand_msgs__rosidl_typesupport_introspection_cpp.dir/rosidl_typesupport_introspection_cpp/wujihand_msgs/srv/detail/get_hand_info__type_support.cpp.o[0m
[ 51%] [32mBuilding CXX object CMakeFiles/wujihand_msgs__rosidl_typesupport_introspection_cpp.dir/rosidl_typesupport_introspection_cpp/wujihand_msgs/msg/detail/hand_state__type_support.cpp.o[0m
[ 52%] [32mBuilding CXX object CMakeFiles/wujihand_msgs__rosidl_typesupport_introspection_cpp.dir/rosidl_typesupport_introspection_cpp/wujihand_msgs/msg/detail/hand_command__type_support.cpp.o[0m
[ 53%] [32mBuilding CXX object CMakeFiles/wujihand_msgs__rosidl_typesupport_introspection_cpp.dir/rosidl_typesupport_introspection_cpp/wujihand_msgs/srv/detail/set_enabled__type_support.cpp.o[0m
[ 54%] [32mBuilding CXX object CMakeFiles/wujihand_msgs__rosidl_typesupport_introspection_cpp.dir/rosidl_typesupport_introspection_cpp/wujihand_msgs/srv/detail/get_diagnostics__type_support.cpp.o[0m
[ 55%] [32mBuilding CXX object CMakeFiles/wujihand_msgs__rosidl_typesupport_introspection_cpp.dir/rosidl_typesupport_introspection_cpp/wujihand_msgs/srv/detail/reset_error__type_support.cpp.o[0m
[ 58%] [32mBuilding C object CMakeFiles/wujihand_msgs__rosidl_typesupport_introspection_c.dir/rosidl_typesupport_introspection_c/wujihand_msgs/srv/detail/get_hand_info__type_support.c.o[0m
[ 58%] [32mBuilding C object CMakeFiles/wujihand_msgs__rosidl_typesupport_introspection_c.dir/rosidl_typesupport_introspection_c/wujihand_msgs/msg/detail/hand_state__type_support.c.o[0m
[ 59%] [32mBuilding C object CMakeFiles/wujihand_msgs__rosidl_typesupport_introspection_c.dir/rosidl_typesupport_introspection_c/wujihand_msgs/msg/detail/hand_command__type_support.c.o[0m
[ 60%] [32mBuilding C object CMakeFiles/wujihand_msgs__rosidl_typesupport_introspection_c.dir/rosidl_typesupport_introspection_c/wujihand_msgs/srv/detail/reset_error__type_support.c.o[0m
[ 61%] [32mBuilding C object CMakeFiles/wujihand_msgs__rosidl_typesupport_introspection_c.dir/rosidl_typesupport_introspection_c/wujihand_msgs/srv/detail/get_diagnostics__type_support.c.o[0m
[ 63%] [32mBuilding C object CMakeFiles/wujihand_msgs__rosidl_typesupport_introspection_c.dir/rosidl_typesupport_introspection_c/wujihand_msgs/srv/detail/set_enabled__type_support.c.o[0m
[ 64%] [32m[1mLinking C shared library libwujihand_msgs__rosidl_typesupport_introspection_c.so[0m
[ 66%] [32mBuilding CXX object CMakeFiles/wujihand_msgs__rosidl_typesupport_fastrtps_cpp.dir/rosidl_typesupport_fastrtps_cpp/wujihand_msgs/msg/detail/dds_fastrtps/hand_command__type_support.cpp.o[0m
[ 66%] [32mBuilding CXX object CMakeFiles/wujihand_msgs__rosidl_typesupport_fastrtps_cpp.dir/rosidl_typesupport_fastrtps_cpp/wujihand_msgs/srv/detail/dds_fastrtps/get_hand_info__type_support.cpp.o[0m
[ 67%] [32mBuilding CXX object CMakeFiles/wujihand_msgs__rosidl_typesupport_fastrtps_cpp.dir/rosidl_typesupport_fastrtps_cpp/wujihand_msgs/srv/detail/dds_fastrtps/reset_error__type_support.cpp.o[0m
[ 69%] [32mBuilding CXX object CMakeFiles/wujihand_msgs__rosidl_typesupport_fastrtps_cpp.dir/rosidl_typesupport_fastrtps_cpp/wujihand_msgs/srv/detail/dds_fastrtps/set_enabled__type_support.cpp.o[0m
[ 70%] [32mBuilding CXX object CMakeFiles/wujihand_msgs__rosidl_typesupport_fastrtps_cpp.dir/rosidl_typesupport_fastrtps_cpp/wujihand_msgs/msg/detail/dds_fastrtps/hand_state__type_support.cpp.o[0m
[ 71%] [32mBuilding CXX object CMakeFiles/wujihand_msgs__rosidl_typesupport_fastrtps_cpp.dir/rosidl_typesupport_fastrtps_cpp/wujihand_msgs/srv/detail/dds_fastrtps/get_diagnostics__type_support.cpp.o[0m
[ 71%] Built target wujihand_msgs__rosidl_typesupport_c
[ 75%] [32mBuilding CXX object CMakeFiles/wujihand_msgs__rosidl_typesupport_fastrtps_c.dir/rosidl_typesupport_fastrtps_c/wujihand_msgs/srv/detail/get_hand_info__type_support_c.cpp.o[0m
[ 75%] [32mBuilding CXX object CMakeFiles/wujihand_msgs__rosidl_typesupport_fastrtps_c.dir/rosidl_typesupport_fastrtps_c/wujihand_msgs/msg/detail/hand_command__type_support_c.cpp.o[0m
[ 75%] [32mBuilding CXX object CMakeFiles/wujihand_msgs__rosidl_typesupport_fastrtps_c.dir/rosidl_typesupport_fastrtps_c/wujihand_msgs/msg/detail/hand_state__type_support_c.cpp.o[0m
[ 76%] [32mBuilding CXX object CMakeFiles/wujihand_msgs__rosidl_typesupport_fastrtps_c.dir/rosidl_typesupport_fastrtps_c/wujihand_msgs/srv/detail/set_enabled__type_support_c.cpp.o[0m
[ 77%] [32mBuilding CXX object CMakeFiles/wujihand_msgs__rosidl_typesupport_fastrtps_c.dir/rosidl_typesupport_fastrtps_c/wujihand_msgs/srv/detail/get_diagnostics__type_support_c.cpp.o[0m
[ 78%] [32mBuilding CXX object CMakeFiles/wujihand_msgs__rosidl_typesupport_fastrtps_c.dir/rosidl_typesupport_fastrtps_c/wujihand_msgs/srv/detail/reset_error__type_support_c.cpp.o[0m
[ 79%] [32m[1mLinking CXX shared library libwujihand_msgs__rosidl_typesupport_cpp.so[0m
[ 79%] Built target wujihand_msgs__rosidl_typesupport_introspection_c
[ 80%] [32m[1mLinking CXX shared library libwujihand_msgs__rosidl_typesupport_introspection_cpp.so[0m
[ 80%] Built target wujihand_msgs__rosidl_typesupport_cpp
[ 80%] Built target wujihand_msgs__rosidl_typesupport_introspection_cpp
[ 82%] [32m[1mLinking CXX shared library libwujihand_msgs__rosidl_typesupport_fastrtps_c.so[0m
[ 83%] [32m[1mLinking CXX shared library libwujihand_msgs__rosidl_typesupport_fastrtps_cpp.so[0m
[ 83%] Built target wujihand_msgs__rosidl_typesupport_fastrtps_c
[ 83%] Built target wujihand_msgs__rosidl_typesupport_fastrtps_cpp
[ 83%] Built target wujihand_msgs
[ 84%] [34m[1mGenerating Python code for ROS interfaces[0m
[ 84%] Built target wujihand_msgs__py
[ 90%] [32mBuilding C object CMakeFiles/wujihand_msgs__rosidl_generator_py.dir/rosidl_generator_py/wujihand_msgs/srv/_get_hand_info_s.c.o[0m
[ 90%] [32mBuilding C object CMakeFiles/wujihand_msgs__rosidl_generator_py.dir/rosidl_generator_py/wujihand_msgs/msg/_hand_command_s.c.o[0m
[ 90%] [32mBuilding C object CMakeFiles/wujihand_msgs__rosidl_generator_py.dir/rosidl_generator_py/wujihand_msgs/srv/_reset_error_s.c.o[0m
[ 90%] [32mBuilding C object CMakeFiles/wujihand_msgs__rosidl_generator_py.dir/rosidl_generator_py/wujihand_msgs/msg/_hand_state_s.c.o[0m
[ 91%] [32mBuilding C object CMakeFiles/wujihand_msgs__rosidl_generator_py.dir/rosidl_generator_py/wujihand_msgs/srv/_get_diagnostics_s.c.o[0m
[ 91%] [32mBuilding C object CMakeFiles/wujihand_msgs__rosidl_generator_py.dir/rosidl_generator_py/wujihand_msgs/srv/_set_enabled_s.c.o[0m
[ 92%] [32m[1mLinking C shared library libwujihand_msgs__rosidl_generator_py.so[0m
[ 92%] Built target wujihand_msgs__rosidl_generator_py
[ 95%] [32mBuilding C object CMakeFiles/wujihand_msgs_s__rosidl_typesupport_c.dir/rosidl_generator_py/wujihand_msgs/_wujihand_msgs_s.ep.rosidl_typesupport_c.c.o[0m
[ 96%] [32mBuilding C object CMakeFiles/wujihand_msgs_s__rosidl_typesupport_fastrtps_c.dir/rosidl_generator_py/wujihand_msgs/_wujihand_msgs_s.ep.rosidl_typesupport_fastrtps_c.c.o[0m
[ 96%] [32mBuilding C object CMakeFiles/wujihand_msgs_s__rosidl_typesupport_introspection_c.dir/rosidl_generator_py/wujihand_msgs/_wujihand_msgs_s.ep.rosidl_typesupport_introspection_c.c.o[0m
[ 97%] [32m[1mLinking C shared module rosidl_generator_py/wujihand_msgs/wujihand_msgs_s__rosidl_typesupport_c.so[0m
[ 98%] [32m[1mLinking C shared module rosidl_generator_py/wujihand_msgs/wujihand_msgs_s__rosidl_typesupport_introspection_c.so[0m
[100%] [32m[1mLinking C shared module rosidl_generator_py/wujihand_msgs/wujihand_msgs_s__rosidl_typesupport_fastrtps_c.so[0m
[100%] Built target wujihand_msgs_s__rosidl_typesupport_introspection_c
[100%] Built target wujihand_msgs_s__rosidl_typesupport_fastrtps_c
[100%] Built target wujihand_msgs_s__rosidl_typesupport_c
-- Install configuration: ""
-- Installing: /home/wuji/wujihand/wujihand-ros2/wujihand_ws/install/wujihand_msgs/share/ament_index/resource_index/rosidl_interfaces/wujihand_msgs
-- Installing: /home/wuji/wujihand/wujihand-ros2/wujihand_ws/install/wujihand_msgs/share/wujihand_msgs/msg/HandState.json
-- Installing: /home/wuji/wujihand/wujihand-ros2/wujihand_ws/install/wujihand_msgs/share/wujihand_msgs/msg/HandCommand.json
-- Installing: /home/wuji/wujihand/wujihand-ros2/wujihand_ws/install/wujihand_msgs/share/wujihand_msgs/srv/SetEnabled.json
-- Installing: /home/wuji/wujihand/wujihand-ros2/wujihand_ws/install/wujihand_msgs/share/wujihand_msgs/srv/GetHandInfo.json
-- Installing: /home/wuji/wujihand/wujihand-ros2/wujihand_ws/install/wujihand_msgs/share/wujihand_msgs/srv/GetDiagnostics.json
-- Installing: /home/wuji/wujihand/wujihand-ros2/wujihand_ws/install/wujihand_msgs/share/wujihand_msgs/srv/ResetError.json
-- Installing: /home/wuji/wujihand/wujihand-ros2/wujihand_ws/install/wujihand_msgs/include/wujihand_msgs/wujihand_msgs
-- Installing: /home/wuji/wujihand/wujihand-ros2/wujihand_ws/install/wujihand_msgs/include/wujihand_msgs/wujihand_msgs/msg
-- Installing: /home/wuji/wujihand/wujihand-ros2/wujihand_ws/install/wujihand_msgs/include/wujihand_msgs/wujihand_msgs/msg/rosidl_generator_c__visibility_control.h
-- Installing: /home/wuji/wujihand/wujihand-ros2/wujihand_ws/install/wujihand_msgs/include/wujihand_msgs/wujihand_msgs/msg/hand_state.h
-- Installing: /home/wuji/wujihand/wujihand-ros2/wujihand_ws/install/wujihand_msgs/include/wujihand_msgs/wujihand_msgs/msg/detail
-- Installing: /home/wuji/wujihand/wujihand-ros2/wujihand_ws/install/wujihand_msgs/include/wujihand_msgs/wujihand_msgs/msg/detail/hand_state__struct.h
-- Installing: /home/wuji/wujihand/wujihand-ros2/wujihand_ws/install/wujihand_msgs/include/wujihand_msgs/wujihand_msgs/msg/detail/hand_state__type_support.h
-- Installing: /home/wuji/wujihand/wujihand-ros2/wujihand_ws/install/wujihand_msgs/include/wujihand_msgs/wujihand_msgs/msg/detail/hand_state__description.c
-- Installing: /home/wuji/wujihand/wujihand-ros2/wujihand_ws/install/wujihand_msgs/include/wujihand_msgs/wujihand_msgs/msg/detail/hand_state__type_support.c
-- Installing: /home/wuji/wujihand/wujihand-ros2/wujihand_ws/install/wujihand_msgs/include/wujihand_msgs/wujihand_msgs/msg/detail/hand_command__struct.h
-- Installing: /home/wuji/wujihand/wujihand-ros2/wujihand_ws/install/wujihand_msgs/include/wujihand_msgs/wujihand_msgs/msg/detail/hand_state__functions.h
-- Installing: /home/wuji/wujihand/wujihand-ros2/wujihand_ws/install/wujihand_msgs/include/wujihand_msgs/wujihand_msgs/msg/detail/hand_command__description.c
-- Installing: /home/wuji/wujihand/wujihand-ros2/wujihand_ws/install/wujihand_msgs/include/wujihand_msgs/wujihand_msgs/msg/detail/hand_command__functions.h
-- Installing: /home/wuji/wujihand/wujihand-ros2/wujihand_ws/install/wujihand_msgs/include/wujihand_msgs/wujihand_msgs/msg/detail/hand_command__type_support.h
-- Installing: /home/wuji/wujihand/wujihand-ros2/wujihand_ws/install/wujihand_msgs/include/wujihand_msgs/wujihand_msgs/msg/detail/hand_command__functions.c
-- Installing: /home/wuji/wujihand/wujihand-ros2/wujihand_ws/install/wujihand_msgs/include/wujihand_msgs/wujihand_msgs/msg/detail/hand_command__type_support.c
-- Installing: /home/wuji/wujihand/wujihand-ros2/wujihand_ws/install/wujihand_msgs/include/wujihand_msgs/wujihand_msgs/msg/detail/hand_state__functions.c
-- Installing: /home/wuji/wujihand/wujihand-ros2/wujihand_ws/install/wujihand_msgs/include/wujihand_msgs/wujihand_msgs/msg/hand_command.h
-- Installing: /home/wuji/wujihand/wujihand-ros2/wujihand_ws/install/wujihand_msgs/include/wujihand_msgs/wujihand_msgs/srv
-- Installing: /home/wuji/wujihand/wujihand-ros2/wujihand_ws/install/wujihand_msgs/include/wujihand_msgs/wujihand_msgs/srv/get_diagnostics.h
-- Installing: /home/wuji/wujihand/wujihand-ros2/wujihand_ws/install/wujihand_msgs/include/wujihand_msgs/wujihand_msgs/srv/reset_error.h
-- Installing: /home/wuji/wujihand/wujihand-ros2/wujihand_ws/install/wujihand_msgs/include/wujihand_msgs/wujihand_msgs/srv/detail
-- Installing: /home/wuji/wujihand/wujihand-ros2/wujihand_ws/install/wujihand_msgs/include/wujihand_msgs/wujihand_msgs/srv/detail/set_enabled__functions.c
-- Installing: /home/wuji/wujihand/wujihand-ros2/wujihand_ws/install/wujihand_msgs/include/wujihand_msgs/wujihand_msgs/srv/detail/get_hand_info__type_support.h
-- Installing: /home/wuji/wujihand/wujihand-ros2/wujihand_ws/install/wujihand_msgs/include/wujihand_msgs/wujihand_msgs/srv/detail/get_diagnostics__functions.h
-- Installing: /home/wuji/wujihand/wujihand-ros2/wujihand_ws/install/wujihand_msgs/include/wujihand_msgs/wujihand_msgs/srv/detail/get_hand_info__functions.h
-- Installing: /home/wuji/wujihand/wujihand-ros2/wujihand_ws/install/wujihand_msgs/include/wujihand_msgs/wujihand_msgs/srv/detail/set_enabled__type_support.c
-- Installing: /home/wuji/wujihand/wujihand-ros2/wujihand_ws/install/wujihand_msgs/include/wujihand_msgs/wujihand_msgs/srv/detail/reset_error__type_support.c
-- Installing: /home/wuji/wujihand/wujihand-ros2/wujihand_ws/install/wujihand_msgs/include/wujihand_msgs/wujihand_msgs/srv/detail/reset_error__type_support.h
-- Installing: /home/wuji/wujihand/wujihand-ros2/wujihand_ws/install/wujihand_msgs/include/wujihand_msgs/wujihand_msgs/srv/detail/get_diagnostics__struct.h
-- Installing: /home/wuji/wujihand/wujihand-ros2/wujihand_ws/install/wujihand_msgs/include/wujihand_msgs/wujihand_msgs/srv/detail/set_enabled__description.c
-- Installing: /home/wuji/wujihand/wujihand-ros2/wujihand_ws/install/wujihand_msgs/include/wujihand_msgs/wujihand_msgs/srv/detail/get_diagnostics__type_support.h
-- Installing: /home/wuji/wujihand/wujihand-ros2/wujihand_ws/install/wujihand_msgs/include/wujihand_msgs/wujihand_msgs/srv/detail/reset_error__description.c
-- Installing: /home/wuji/wujihand/wujihand-ros2/wujihand_ws/install/wujihand_msgs/include/wujihand_msgs/wujihand_msgs/srv/detail/reset_error__struct.h
-- Installing: /home/wuji/wujihand/wujihand-ros2/wujihand_ws/install/wujihand_msgs/include/wujihand_msgs/wujihand_msgs/srv/detail/get_diagnostics__functions.c
-- Installing: /home/wuji/wujihand/wujihand-ros2/wujihand_ws/install/wujihand_msgs/include/wujihand_msgs/wujihand_msgs/srv/detail/get_diagnostics__description.c
-- Installing: /home/wuji/wujihand/wujihand-ros2/wujihand_ws/install/wujihand_msgs/include/wujihand_msgs/wujihand_msgs/srv/detail/get_hand_info__struct.h
-- Installing: /home/wuji/wujihand/wujihand-ros2/wujihand_ws/install/wujihand_msgs/include/wujihand_msgs/wujihand_msgs/srv/detail/reset_error__functions.h
-- Installing: /home/wuji/wujihand/wujihand-ros2/wujihand_ws/install/wujihand_msgs/include/wujihand_msgs/wujihand_msgs/srv/detail/set_enabled__type_support.h
-- Installing: /home/wuji/wujihand/wujihand-ros2/wujihand_ws/install/wujihand_msgs/include/wujihand_msgs/wujihand_msgs/srv/detail/get_hand_info__functions.c
-- Installing: /home/wuji/wujihand/wujihand-ros2/wujihand_ws/install/wujihand_msgs/include/wujihand_msgs/wujihand_msgs/srv/detail/get_hand_info__type_support.c
-- Installing: /home/wuji/wujihand/wujihand-ros2/wujihand_ws/install/wujihand_msgs/include/wujihand_msgs/wujihand_msgs/srv/detail/get_diagnostics__type_support.c
-- Installing: /home/wuji/wujihand/wujihand-ros2/wujihand_ws/install/wujihand_msgs/include/wujihand_msgs/wujihand_msgs/srv/detail/set_enabled__functions.h
-- Installing: /home/wuji/wujihand/wujihand-ros2/wujihand_ws/install/wujihand_msgs/include/wujihand_msgs/wujihand_msgs/srv/detail/reset_error__functions.c
-- Installing: /home/wuji/wujihand/wujihand-ros2/wujihand_ws/install/wujihand_msgs/include/wujihand_msgs/wujihand_msgs/srv/detail/get_hand_info__description.c
-- Installing: /home/wuji/wujihand/wujihand-ros2/wujihand_ws/install/wujihand_msgs/include/wujihand_msgs/wujihand_msgs/srv/detail/set_enabled__struct.h
-- Installing: /home/wuji/wujihand/wujihand-ros2/wujihand_ws/install/wujihand_msgs/include/wujihand_msgs/wujihand_msgs/srv/get_hand_info.h
-- Installing: /home/wuji/wujihand/wujihand-ros2/wujihand_ws/install/wujihand_msgs/include/wujihand_msgs/wujihand_msgs/srv/set_enabled.h
-- Installing: /home/wuji/wujihand/wujihand-ros2/wujihand_ws/install/wujihand_msgs/share/wujihand_msgs/environment/library_path.sh
-- Installing: /home/wuji/wujihand/wujihand-ros2/wujihand_ws/install/wujihand_msgs/share/wujihand_msgs/environment/library_path.dsv
-- Installing: /home/wuji/wujihand/wujihand-ros2/wujihand_ws/install/wujihand_msgs/lib/libwujihand_msgs__rosidl_generator_c.so
-- Set non-toolchain portion of runtime path of "/home/wuji/wujihand/wujihand-ros2/wujihand_ws/install/wujihand_msgs/lib/libwujihand_msgs__rosidl_generator_c.so" to ""
-- Up-to-date: /home/wuji/wujihand/wujihand-ros2/wujihand_ws/install/wujihand_msgs/include/wujihand_msgs/wujihand_msgs
-- Up-to-date: /home/wuji/wujihand/wujihand-ros2/wujihand_ws/install/wujihand_msgs/include/wujihand_msgs/wujihand_msgs/msg
-- Up-to-date: /home/wuji/wujihand/wujihand-ros2/wujihand_ws/install/wujihand_msgs/include/wujihand_msgs/wujihand_msgs/msg/detail
-- Installing: /home/wuji/wujihand/wujihand-ros2/wujihand_ws/install/wujihand_msgs/include/wujihand_msgs/wujihand_msgs/msg/detail/hand_command__rosidl_typesupport_fastrtps_c.h
-- Installing: /home/wuji/wujihand/wujihand-ros2/wujihand_ws/install/wujihand_msgs/include/wujihand_msgs/wujihand_msgs/msg/detail/hand_state__rosidl_typesupport_fastrtps_c.h
-- Installing: /home/wuji/wujihand/wujihand-ros2/wujihand_ws/install/wujihand_msgs/include/wujihand_msgs/wujihand_msgs/msg/rosidl_typesupport_fastrtps_c__visibility_control.h
-- Up-to-date: /home/wuji/wujihand/wujihand-ros2/wujihand_ws/install/wujihand_msgs/include/wujihand_msgs/wujihand_msgs/srv
-- Up-to-date: /home/wuji/wujihand/wujihand-ros2/wujihand_ws/install/wujihand_msgs/include/wujihand_msgs/wujihand_msgs/srv/detail
-- Installing: /home/wuji/wujihand/wujihand-ros2/wujihand_ws/install/wujihand_msgs/include/wujihand_msgs/wujihand_msgs/srv/detail/get_hand_info__rosidl_typesupport_fastrtps_c.h
-- Installing: /home/wuji/wujihand/wujihand-ros2/wujihand_ws/install/wujihand_msgs/include/wujihand_msgs/wujihand_msgs/srv/detail/set_enabled__rosidl_typesupport_fastrtps_c.h
-- Installing: /home/wuji/wujihand/wujihand-ros2/wujihand_ws/install/wujihand_msgs/include/wujihand_msgs/wujihand_msgs/srv/detail/get_diagnostics__rosidl_typesupport_fastrtps_c.h
-- Installing: /home/wuji/wujihand/wujihand-ros2/wujihand_ws/install/wujihand_msgs/include/wujihand_msgs/wujihand_msgs/srv/detail/reset_error__rosidl_typesupport_fastrtps_c.h
-- Installing: /home/wuji/wujihand/wujihand-ros2/wujihand_ws/install/wujihand_msgs/lib/libwujihand_msgs__rosidl_typesupport_fastrtps_c.so
-- Set non-toolchain portion of runtime path of "/home/wuji/wujihand/wujihand-ros2/wujihand_ws/install/wujihand_msgs/lib/libwujihand_msgs__rosidl_typesupport_fastrtps_c.so" to ""
-- Up-to-date: /home/wuji/wujihand/wujihand-ros2/wujihand_ws/install/wujihand_msgs/include/wujihand_msgs/wujihand_msgs
-- Up-to-date: /home/wuji/wujihand/wujihand-ros2/wujihand_ws/install/wujihand_msgs/include/wujihand_msgs/wujihand_msgs/msg
-- Installing: /home/wuji/wujihand/wujihand-ros2/wujihand_ws/install/wujihand_msgs/include/wujihand_msgs/wujihand_msgs/msg/rosidl_typesupport_introspection_c__visibility_control.h
-- Up-to-date: /home/wuji/wujihand/wujihand-ros2/wujihand_ws/install/wujihand_msgs/include/wujihand_msgs/wujihand_msgs/msg/detail
-- Installing: /home/wuji/wujihand/wujihand-ros2/wujihand_ws/install/wujihand_msgs/include/wujihand_msgs/wujihand_msgs/msg/detail/hand_state__type_support.c
-- Installing: /home/wuji/wujihand/wujihand-ros2/wujihand_ws/install/wujihand_msgs/include/wujihand_msgs/wujihand_msgs/msg/detail/hand_state__rosidl_typesupport_introspection_c.h
-- Installing: /home/wuji/wujihand/wujihand-ros2/wujihand_ws/install/wujihand_msgs/include/wujihand_msgs/wujihand_msgs/msg/detail/hand_command__rosidl_typesupport_introspection_c.h
-- Installing: /home/wuji/wujihand/wujihand-ros2/wujihand_ws/install/wujihand_msgs/include/wujihand_msgs/wujihand_msgs/msg/detail/hand_command__type_support.c
-- Up-to-date: /home/wuji/wujihand/wujihand-ros2/wujihand_ws/install/wujihand_msgs/include/wujihand_msgs/wujihand_msgs/srv
-- Up-to-date: /home/wuji/wujihand/wujihand-ros2/wujihand_ws/install/wujihand_msgs/include/wujihand_msgs/wujihand_msgs/srv/detail
-- Installing: /home/wuji/wujihand/wujihand-ros2/wujihand_ws/install/wujihand_msgs/include/wujihand_msgs/wujihand_msgs/srv/detail/set_enabled__type_support.c
-- Installing: /home/wuji/wujihand/wujihand-ros2/wujihand_ws/install/wujihand_msgs/include/wujihand_msgs/wujihand_msgs/srv/detail/reset_error__type_support.c
-- Installing: /home/wuji/wujihand/wujihand-ros2/wujihand_ws/install/wujihand_msgs/include/wujihand_msgs/wujihand_msgs/srv/detail/get_hand_info__type_support.c
-- Installing: /home/wuji/wujihand/wujihand-ros2/wujihand_ws/install/wujihand_msgs/include/wujihand_msgs/wujihand_msgs/srv/detail/reset_error__rosidl_typesupport_introspection_c.h
-- Installing: /home/wuji/wujihand/wujihand-ros2/wujihand_ws/install/wujihand_msgs/include/wujihand_msgs/wujihand_msgs/srv/detail/get_diagnostics__type_support.c
-- Installing: /home/wuji/wujihand/wujihand-ros2/wujihand_ws/install/wujihand_msgs/include/wujihand_msgs/wujihand_msgs/srv/detail/set_enabled__rosidl_typesupport_introspection_c.h
-- Installing: /home/wuji/wujihand/wujihand-ros2/wujihand_ws/install/wujihand_msgs/include/wujihand_msgs/wujihand_msgs/srv/detail/get_diagnostics__rosidl_typesupport_introspection_c.h
-- Installing: /home/wuji/wujihand/wujihand-ros2/wujihand_ws/install/wujihand_msgs/include/wujihand_msgs/wujihand_msgs/srv/detail/get_hand_info__rosidl_typesupport_introspection_c.h
-- Installing: /home/wuji/wujihand/wujihand-ros2/wujihand_ws/install/wujihand_msgs/lib/libwujihand_msgs__rosidl_typesupport_introspection_c.so
-- Set non-toolchain portion of runtime path of "/home/wuji/wujihand/wujihand-ros2/wujihand_ws/install/wujihand_msgs/lib/libwujihand_msgs__rosidl_typesupport_introspection_c.so" to ""
-- Installing: /home/wuji/wujihand/wujihand-ros2/wujihand_ws/install/wujihand_msgs/lib/libwujihand_msgs__rosidl_typesupport_c.so
-- Set non-toolchain portion of runtime path of "/home/wuji/wujihand/wujihand-ros2/wujihand_ws/install/wujihand_msgs/lib/libwujihand_msgs__rosidl_typesupport_c.so" to ""
-- Up-to-date: /home/wuji/wujihand/wujihand-ros2/wujihand_ws/install/wujihand_msgs/include/wujihand_msgs/wujihand_msgs
-- Up-to-date: /home/wuji/wujihand/wujihand-ros2/wujihand_ws/install/wujihand_msgs/include/wujihand_msgs/wujihand_msgs/msg
-- Installing: /home/wuji/wujihand/wujihand-ros2/wujihand_ws/install/wujihand_msgs/include/wujihand_msgs/wujihand_msgs/msg/hand_state.hpp
-- Installing: /home/wuji/wujihand/wujihand-ros2/wujihand_ws/install/wujihand_msgs/include/wujihand_msgs/wujihand_msgs/msg/rosidl_generator_cpp__visibility_control.hpp
-- Up-to-date: /home/wuji/wujihand/wujihand-ros2/wujihand_ws/install/wujihand_msgs/include/wujihand_msgs/wujihand_msgs/msg/detail
-- Installing: /home/wuji/wujihand/wujihand-ros2/wujihand_ws/install/wujihand_msgs/include/wujihand_msgs/wujihand_msgs/msg/detail/hand_command__builder.hpp
-- Installing: /home/wuji/wujihand/wujihand-ros2/wujihand_ws/install/wujihand_msgs/include/wujihand_msgs/wujihand_msgs/msg/detail/hand_state__traits.hpp
-- Installing: /home/wuji/wujihand/wujihand-ros2/wujihand_ws/install/wujihand_msgs/include/wujihand_msgs/wujihand_msgs/msg/detail/hand_state__builder.hpp
-- Installing: /home/wuji/wujihand/wujihand-ros2/wujihand_ws/install/wujihand_msgs/include/wujihand_msgs/wujihand_msgs/msg/detail/hand_state__struct.hpp
-- Installing: /home/wuji/wujihand/wujihand-ros2/wujihand_ws/install/wujihand_msgs/include/wujihand_msgs/wujihand_msgs/msg/detail/hand_command__type_support.hpp
-- Installing: /home/wuji/wujihand/wujihand-ros2/wujihand_ws/install/wujihand_msgs/include/wujihand_msgs/wujihand_msgs/msg/detail/hand_command__struct.hpp
-- Installing: /home/wuji/wujihand/wujihand-ros2/wujihand_ws/install/wujihand_msgs/include/wujihand_msgs/wujihand_msgs/msg/detail/hand_state__type_support.hpp
-- Installing: /home/wuji/wujihand/wujihand-ros2/wujihand_ws/install/wujihand_msgs/include/wujihand_msgs/wujihand_msgs/msg/detail/hand_command__traits.hpp
-- Installing: /home/wuji/wujihand/wujihand-ros2/wujihand_ws/install/wujihand_msgs/include/wujihand_msgs/wujihand_msgs/msg/hand_command.hpp
-- Up-to-date: /home/wuji/wujihand/wujihand-ros2/wujihand_ws/install/wujihand_msgs/include/wujihand_msgs/wujihand_msgs/srv
-- Installing: /home/wuji/wujihand/wujihand-ros2/wujihand_ws/install/wujihand_msgs/include/wujihand_msgs/wujihand_msgs/srv/reset_error.hpp
-- Installing: /home/wuji/wujihand/wujihand-ros2/wujihand_ws/install/wujihand_msgs/include/wujihand_msgs/wujihand_msgs/srv/get_diagnostics.hpp
-- Installing: /home/wuji/wujihand/wujihand-ros2/wujihand_ws/install/wujihand_msgs/include/wujihand_msgs/wujihand_msgs/srv/set_enabled.hpp
-- Up-to-date: /home/wuji/wujihand/wujihand-ros2/wujihand_ws/install/wujihand_msgs/include/wujihand_msgs/wujihand_msgs/srv/detail
-- Installing: /home/wuji/wujihand/wujihand-ros2/wujihand_ws/install/wujihand_msgs/include/wujihand_msgs/wujihand_msgs/srv/detail/get_diagnostics__traits.hpp
-- Installing: /home/wuji/wujihand/wujihand-ros2/wujihand_ws/install/wujihand_msgs/include/wujihand_msgs/wujihand_msgs/srv/detail/get_hand_info__traits.hpp
-- Installing: /home/wuji/wujihand/wujihand-ros2/wujihand_ws/install/wujihand_msgs/include/wujihand_msgs/wujihand_msgs/srv/detail/reset_error__traits.hpp
-- Installing: /home/wuji/wujihand/wujihand-ros2/wujihand_ws/install/wujihand_msgs/include/wujihand_msgs/wujihand_msgs/srv/detail/set_enabled__builder.hpp
-- Installing: /home/wuji/wujihand/wujihand-ros2/wujihand_ws/install/wujihand_msgs/include/wujihand_msgs/wujihand_msgs/srv/detail/get_diagnostics__type_support.hpp
-- Installing: /home/wuji/wujihand/wujihand-ros2/wujihand_ws/install/wujihand_msgs/include/wujihand_msgs/wujihand_msgs/srv/detail/reset_error__struct.hpp
-- Installing: /home/wuji/wujihand/wujihand-ros2/wujihand_ws/install/wujihand_msgs/include/wujihand_msgs/wujihand_msgs/srv/detail/set_enabled__type_support.hpp
-- Installing: /home/wuji/wujihand/wujihand-ros2/wujihand_ws/install/wujihand_msgs/include/wujihand_msgs/wujihand_msgs/srv/detail/get_hand_info__builder.hpp
-- Installing: /home/wuji/wujihand/wujihand-ros2/wujihand_ws/install/wujihand_msgs/include/wujihand_msgs/wujihand_msgs/srv/detail/set_enabled__struct.hpp
-- Installing: /home/wuji/wujihand/wujihand-ros2/wujihand_ws/install/wujihand_msgs/include/wujihand_msgs/wujihand_msgs/srv/detail/get_diagnostics__builder.hpp
-- Installing: /home/wuji/wujihand/wujihand-ros2/wujihand_ws/install/wujihand_msgs/include/wujihand_msgs/wujihand_msgs/srv/detail/reset_error__type_support.hpp
-- Installing: /home/wuji/wujihand/wujihand-ros2/wujihand_ws/install/wujihand_msgs/include/wujihand_msgs/wujihand_msgs/srv/detail/reset_error__builder.hpp
-- Installing: /home/wuji/wujihand/wujihand-ros2/wujihand_ws/install/wujihand_msgs/include/wujihand_msgs/wujihand_msgs/srv/detail/get_hand_info__type_support.hpp
-- Installing: /home/wuji/wujihand/wujihand-ros2/wujihand_ws/install/wujihand_msgs/include/wujihand_msgs/wujihand_msgs/srv/detail/set_enabled__traits.hpp
-- Installing: /home/wuji/wujihand/wujihand-ros2/wujihand_ws/install/wujihand_msgs/include/wujihand_msgs/wujihand_msgs/srv/detail/get_diagnostics__struct.hpp
-- Installing: /home/wuji/wujihand/wujihand-ros2/wujihand_ws/install/wujihand_msgs/include/wujihand_msgs/wujihand_msgs/srv/detail/get_hand_info__struct.hpp
-- Installing: /home/wuji/wujihand/wujihand-ros2/wujihand_ws/install/wujihand_msgs/include/wujihand_msgs/wujihand_msgs/srv/get_hand_info.hpp
-- Up-to-date: /home/wuji/wujihand/wujihand-ros2/wujihand_ws/install/wujihand_msgs/include/wujihand_msgs/wujihand_msgs
-- Up-to-date: /home/wuji/wujihand/wujihand-ros2/wujihand_ws/install/wujihand_msgs/include/wujihand_msgs/wujihand_msgs/msg
-- Up-to-date: /home/wuji/wujihand/wujihand-ros2/wujihand_ws/install/wujihand_msgs/include/wujihand_msgs/wujihand_msgs/msg/detail
-- Installing: /home/wuji/wujihand/wujihand-ros2/wujihand_ws/install/wujihand_msgs/include/wujihand_msgs/wujihand_msgs/msg/detail/hand_command__rosidl_typesupport_fastrtps_cpp.hpp
-- Installing: /home/wuji/wujihand/wujihand-ros2/wujihand_ws/install/wujihand_msgs/include/wujihand_msgs/wujihand_msgs/msg/detail/hand_state__rosidl_typesupport_fastrtps_cpp.hpp
-- Installing: /home/wuji/wujihand/wujihand-ros2/wujihand_ws/install/wujihand_msgs/include/wujihand_msgs/wujihand_msgs/msg/detail/dds_fastrtps
-- Installing: /home/wuji/wujihand/wujihand-ros2/wujihand_ws/install/wujihand_msgs/include/wujihand_msgs/wujihand_msgs/msg/rosidl_typesupport_fastrtps_cpp__visibility_control.h
-- Up-to-date: /home/wuji/wujihand/wujihand-ros2/wujihand_ws/install/wujihand_msgs/include/wujihand_msgs/wujihand_msgs/srv
-- Up-to-date: /home/wuji/wujihand/wujihand-ros2/wujihand_ws/install/wujihand_msgs/include/wujihand_msgs/wujihand_msgs/srv/detail
-- Installing: /home/wuji/wujihand/wujihand-ros2/wujihand_ws/install/wujihand_msgs/include/wujihand_msgs/wujihand_msgs/srv/detail/get_diagnostics__rosidl_typesupport_fastrtps_cpp.hpp
-- Installing: /home/wuji/wujihand/wujihand-ros2/wujihand_ws/install/wujihand_msgs/include/wujihand_msgs/wujihand_msgs/srv/detail/get_hand_info__rosidl_typesupport_fastrtps_cpp.hpp
-- Installing: /home/wuji/wujihand/wujihand-ros2/wujihand_ws/install/wujihand_msgs/include/wujihand_msgs/wujihand_msgs/srv/detail/reset_error__rosidl_typesupport_fastrtps_cpp.hpp
-- Installing: /home/wuji/wujihand/wujihand-ros2/wujihand_ws/install/wujihand_msgs/include/wujihand_msgs/wujihand_msgs/srv/detail/dds_fastrtps
-- Installing: /home/wuji/wujihand/wujihand-ros2/wujihand_ws/install/wujihand_msgs/include/wujihand_msgs/wujihand_msgs/srv/detail/set_enabled__rosidl_typesupport_fastrtps_cpp.hpp
-- Installing: /home/wuji/wujihand/wujihand-ros2/wujihand_ws/install/wujihand_msgs/lib/libwujihand_msgs__rosidl_typesupport_fastrtps_cpp.so
-- Set non-toolchain portion of runtime path of "/home/wuji/wujihand/wujihand-ros2/wujihand_ws/install/wujihand_msgs/lib/libwujihand_msgs__rosidl_typesupport_fastrtps_cpp.so" to ""
-- Up-to-date: /home/wuji/wujihand/wujihand-ros2/wujihand_ws/install/wujihand_msgs/include/wujihand_msgs/wujihand_msgs
-- Up-to-date: /home/wuji/wujihand/wujihand-ros2/wujihand_ws/install/wujihand_msgs/include/wujihand_msgs/wujihand_msgs/msg
-- Up-to-date: /home/wuji/wujihand/wujihand-ros2/wujihand_ws/install/wujihand_msgs/include/wujihand_msgs/wujihand_msgs/msg/detail
-- Installing: /home/wuji/wujihand/wujihand-ros2/wujihand_ws/install/wujihand_msgs/include/wujihand_msgs/wujihand_msgs/msg/detail/hand_state__rosidl_typesupport_introspection_cpp.hpp
-- Installing: /home/wuji/wujihand/wujihand-ros2/wujihand_ws/install/wujihand_msgs/include/wujihand_msgs/wujihand_msgs/msg/detail/hand_command__rosidl_typesupport_introspection_cpp.hpp
-- Installing: /home/wuji/wujihand/wujihand-ros2/wujihand_ws/install/wujihand_msgs/include/wujihand_msgs/wujihand_msgs/msg/detail/hand_state__type_support.cpp
-- Installing: /home/wuji/wujihand/wujihand-ros2/wujihand_ws/install/wujihand_msgs/include/wujihand_msgs/wujihand_msgs/msg/detail/hand_command__type_support.cpp
-- Up-to-date: /home/wuji/wujihand/wujihand-ros2/wujihand_ws/install/wujihand_msgs/include/wujihand_msgs/wujihand_msgs/srv
-- Up-to-date: /home/wuji/wujihand/wujihand-ros2/wujihand_ws/install/wujihand_msgs/include/wujihand_msgs/wujihand_msgs/srv/detail
-- Installing: /home/wuji/wujihand/wujihand-ros2/wujihand_ws/install/wujihand_msgs/include/wujihand_msgs/wujihand_msgs/srv/detail/get_hand_info__rosidl_typesupport_introspection_cpp.hpp
-- Installing: /home/wuji/wujihand/wujihand-ros2/wujihand_ws/install/wujihand_msgs/include/wujihand_msgs/wujihand_msgs/srv/detail/get_diagnostics__type_support.cpp
-- Installing: /home/wuji/wujihand/wujihand-ros2/wujihand_ws/install/wujihand_msgs/include/wujihand_msgs/wujihand_msgs/srv/detail/set_enabled__type_support.cpp
-- Installing: /home/wuji/wujihand/wujihand-ros2/wujihand_ws/install/wujihand_msgs/include/wujihand_msgs/wujihand_msgs/srv/detail/reset_error__rosidl_typesupport_introspection_cpp.hpp
-- Installing: /home/wuji/wujihand/wujihand-ros2/wujihand_ws/install/wujihand_msgs/include/wujihand_msgs/wujihand_msgs/srv/detail/reset_error__type_support.cpp
-- Installing: /home/wuji/wujihand/wujihand-ros2/wujihand_ws/install/wujihand_msgs/include/wujihand_msgs/wujihand_msgs/srv/detail/get_diagnostics__rosidl_typesupport_introspection_cpp.hpp
-- Installing: /home/wuji/wujihand/wujihand-ros2/wujihand_ws/install/wujihand_msgs/include/wujihand_msgs/wujihand_msgs/srv/detail/set_enabled__rosidl_typesupport_introspection_cpp.hpp
-- Installing: /home/wuji/wujihand/wujihand-ros2/wujihand_ws/install/wujihand_msgs/include/wujihand_msgs/wujihand_msgs/srv/detail/get_hand_info__type_support.cpp
-- Installing: /home/wuji/wujihand/wujihand-ros2/wujihand_ws/install/wujihand_msgs/lib/libwujihand_msgs__rosidl_typesupport_introspection_cpp.so
-- Set non-toolchain portion of runtime path of "/home/wuji/wujihand/wujihand-ros2/wujihand_ws/install/wujihand_msgs/lib/libwujihand_msgs__rosidl_typesupport_introspection_cpp.so" to ""
-- Installing: /home/wuji/wujihand/wujihand-ros2/wujihand_ws/install/wujihand_msgs/lib/libwujihand_msgs__rosidl_typesupport_cpp.so
-- Set non-toolchain portion of runtime path of "/home/wuji/wujihand/wujihand-ros2/wujihand_ws/install/wujihand_msgs/lib/libwujihand_msgs__rosidl_typesupport_cpp.so" to ""
-- Installing: /home/wuji/wujihand/wujihand-ros2/wujihand_ws/install/wujihand_msgs/share/wujihand_msgs/environment/pythonpath.sh
-- Installing: /home/wuji/wujihand/wujihand-ros2/wujihand_ws/install/wujihand_msgs/share/wujihand_msgs/environment/pythonpath.dsv
-- Installing: /home/wuji/wujihand/wujihand-ros2/wujihand_ws/install/wujihand_msgs/lib/python3.12/site-packages/wujihand_msgs-0.1.0-py3.12.egg-info
-- Installing: /home/wuji/wujihand/wujihand-ros2/wujihand_ws/install/wujihand_msgs/lib/python3.12/site-packages/wujihand_msgs-0.1.0-py3.12.egg-info/top_level.txt
-- Installing: /home/wuji/wujihand/wujihand-ros2/wujihand_ws/install/wujihand_msgs/lib/python3.12/site-packages/wujihand_msgs-0.1.0-py3.12.egg-info/dependency_links.txt
-- Installing: /home/wuji/wujihand/wujihand-ros2/wujihand_ws/install/wujihand_msgs/lib/python3.12/site-packages/wujihand_msgs-0.1.0-py3.12.egg-info/SOURCES.txt
-- Installing: /home/wuji/wujihand/wujihand-ros2/wujihand_ws/install/wujihand_msgs/lib/python3.12/site-packages/wujihand_msgs-0.1.0-py3.12.egg-info/PKG-INFO
-- Installing: /home/wuji/wujihand/wujihand-ros2/wujihand_ws/install/wujihand_msgs/lib/python3.12/site-packages/wujihand_msgs
-- Installing: /home/wuji/wujihand/wujihand-ros2/wujihand_ws/install/wujihand_msgs/lib/python3.12/site-packages/wujihand_msgs/wujihand_msgs_s__rosidl_typesupport_introspection_c.so
-- Installing: /home/wuji/wujihand/wujihand-ros2/wujihand_ws/install/wujihand_msgs/lib/python3.12/site-packages/wujihand_msgs/wujihand_msgs_s__rosidl_typesupport_c.so
-- Installing: /home/wuji/wujihand/wujihand-ros2/wujihand_ws/install/wujihand_msgs/lib/python3.12/site-packages/wujihand_msgs/_wujihand_msgs_s.ep.rosidl_typesupport_fastrtps_c.c
-- Installing: /home/wuji/wujihand/wujihand-ros2/wujihand_ws/install/wujihand_msgs/lib/python3.12/site-packages/wujihand_msgs/__init__.py
-- Installing: /home/wuji/wujihand/wujihand-ros2/wujihand_ws/install/wujihand_msgs/lib/python3.12/site-packages/wujihand_msgs/_wujihand_msgs_s.ep.rosidl_typesupport_c.c
-- Installing: /home/wuji/wujihand/wujihand-ros2/wujihand_ws/install/wujihand_msgs/lib/python3.12/site-packages/wujihand_msgs/wujihand_msgs_s__rosidl_typesupport_fastrtps_c.so
-- Installing: /home/wuji/wujihand/wujihand-ros2/wujihand_ws/install/wujihand_msgs/lib/python3.12/site-packages/wujihand_msgs/_wujihand_msgs_s.ep.rosidl_typesupport_introspection_c.c
-- Installing: /home/wuji/wujihand/wujihand-ros2/wujihand_ws/install/wujihand_msgs/lib/python3.12/site-packages/wujihand_msgs/msg
-- Installing: /home/wuji/wujihand/wujihand-ros2/wujihand_ws/install/wujihand_msgs/lib/python3.12/site-packages/wujihand_msgs/msg/_hand_command_s.c
-- Installing: /home/wuji/wujihand/wujihand-ros2/wujihand_ws/install/wujihand_msgs/lib/python3.12/site-packages/wujihand_msgs/msg/_hand_state.py
-- Installing: /home/wuji/wujihand/wujihand-ros2/wujihand_ws/install/wujihand_msgs/lib/python3.12/site-packages/wujihand_msgs/msg/__init__.py
-- Installing: /home/wuji/wujihand/wujihand-ros2/wujihand_ws/install/wujihand_msgs/lib/python3.12/site-packages/wujihand_msgs/msg/_hand_command.py
-- Installing: /home/wuji/wujihand/wujihand-ros2/wujihand_ws/install/wujihand_msgs/lib/python3.12/site-packages/wujihand_msgs/msg/_hand_state_s.c
-- Installing: /home/wuji/wujihand/wujihand-ros2/wujihand_ws/install/wujihand_msgs/lib/python3.12/site-packages/wujihand_msgs/srv
-- Installing: /home/wuji/wujihand/wujihand-ros2/wujihand_ws/install/wujihand_msgs/lib/python3.12/site-packages/wujihand_msgs/srv/_reset_error.py
-- Installing: /home/wuji/wujihand/wujihand-ros2/wujihand_ws/install/wujihand_msgs/lib/python3.12/site-packages/wujihand_msgs/srv/_get_hand_info_s.c
-- Installing: /home/wuji/wujihand/wujihand-ros2/wujihand_ws/install/wujihand_msgs/lib/python3.12/site-packages/wujihand_msgs/srv/_get_diagnostics.py
-- Installing: /home/wuji/wujihand/wujihand-ros2/wujihand_ws/install/wujihand_msgs/lib/python3.12/site-packages/wujihand_msgs/srv/__init__.py
-- Installing: /home/wuji/wujihand/wujihand-ros2/wujihand_ws/install/wujihand_msgs/lib/python3.12/site-packages/wujihand_msgs/srv/_set_enabled.py
-- Installing: /home/wuji/wujihand/wujihand-ros2/wujihand_ws/install/wujihand_msgs/lib/python3.12/site-packages/wujihand_msgs/srv/_get_diagnostics_s.c
-- Installing: /home/wuji/wujihand/wujihand-ros2/wujihand_ws/install/wujihand_msgs/lib/python3.12/site-packages/wujihand_msgs/srv/_get_hand_info.py
-- Installing: /home/wuji/wujihand/wujihand-ros2/wujihand_ws/install/wujihand_msgs/lib/python3.12/site-packages/wujihand_msgs/srv/_set_enabled_s.c
-- Installing: /home/wuji/wujihand/wujihand-ros2/wujihand_ws/install/wujihand_msgs/lib/python3.12/site-packages/wujihand_msgs/srv/_reset_error_s.c
Listing '/home/wuji/wujihand/wujihand-ros2/wujihand_ws/install/wujihand_msgs/lib/python3.12/site-packages/wujihand_msgs'...
Compiling '/home/wuji/wujihand/wujihand-ros2/wujihand_ws/install/wujihand_msgs/lib/python3.12/site-packages/wujihand_msgs/__init__.py'...
Listing '/home/wuji/wujihand/wujihand-ros2/wujihand_ws/install/wujihand_msgs/lib/python3.12/site-packages/wujihand_msgs/msg'...
Compiling '/home/wuji/wujihand/wujihand-ros2/wujihand_ws/install/wujihand_msgs/lib/python3.12/site-packages/wujihand_msgs/msg/__init__.py'...
Compiling '/home/wuji/wujihand/wujihand-ros2/wujihand_ws/install/wujihand_msgs/lib/python3.12/site-packages/wujihand_msgs/msg/_hand_command.py'...
Compiling '/home/wuji/wujihand/wujihand-ros2/wujihand_ws/install/wujihand_msgs/lib/python3.12/site-packages/wujihand_msgs/msg/_hand_state.py'...
Listing '/home/wuji/wujihand/wujihand-ros2/wujihand_ws/install/wujihand_msgs/lib/python3.12/site-packages/wujihand_msgs/srv'...
Compiling '/home/wuji/wujihand/wujihand-ros2/wujihand_ws/install/wujihand_msgs/lib/python3.12/site-packages/wujihand_msgs/srv/__init__.py'...
Compiling '/home/wuji/wujihand/wujihand-ros2/wujihand_ws/install/wujihand_msgs/lib/python3.12/site-packages/wujihand_msgs/srv/_get_diagnostics.py'...
Compiling '/home/wuji/wujihand/wujihand-ros2/wujihand_ws/install/wujihand_msgs/lib/python3.12/site-packages/wujihand_msgs/srv/_get_hand_info.py'...
Compiling '/home/wuji/wujihand/wujihand-ros2/wujihand_ws/install/wujihand_msgs/lib/python3.12/site-packages/wujihand_msgs/srv/_reset_error.py'...
Compiling '/home/wuji/wujihand/wujihand-ros2/wujihand_ws/install/wujihand_msgs/lib/python3.12/site-packages/wujihand_msgs/srv/_set_enabled.py'...
-- Installing: /home/wuji/wujihand/wujihand-ros2/wujihand_ws/install/wujihand_msgs/lib/python3.12/site-packages/wujihand_msgs/wujihand_msgs_s__rosidl_typesupport_fastrtps_c.so
-- Set non-toolchain portion of runtime path of "/home/wuji/wujihand/wujihand-ros2/wujihand_ws/install/wujihand_msgs/lib/python3.12/site-packages/wujihand_msgs/wujihand_msgs_s__rosidl_typesupport_fastrtps_c.so" to ""
-- Installing: /home/wuji/wujihand/wujihand-ros2/wujihand_ws/install/wujihand_msgs/lib/python3.12/site-packages/wujihand_msgs/wujihand_msgs_s__rosidl_typesupport_introspection_c.so
-- Set non-toolchain portion of runtime path of "/home/wuji/wujihand/wujihand-ros2/wujihand_ws/install/wujihand_msgs/lib/python3.12/site-packages/wujihand_msgs/wujihand_msgs_s__rosidl_typesupport_introspection_c.so" to ""
-- Installing: /home/wuji/wujihand/wujihand-ros2/wujihand_ws/install/wujihand_msgs/lib/python3.12/site-packages/wujihand_msgs/wujihand_msgs_s__rosidl_typesupport_c.so
-- Set non-toolchain portion of runtime path of "/home/wuji/wujihand/wujihand-ros2/wujihand_ws/install/wujihand_msgs/lib/python3.12/site-packages/wujihand_msgs/wujihand_msgs_s__rosidl_typesupport_c.so" to ""
-- Installing: /home/wuji/wujihand/wujihand-ros2/wujihand_ws/install/wujihand_msgs/lib/libwujihand_msgs__rosidl_generator_py.so
-- Set non-toolchain portion of runtime path of "/home/wuji/wujihand/wujihand-ros2/wujihand_ws/install/wujihand_msgs/lib/libwujihand_msgs__rosidl_generator_py.so" to ""
-- Installing: /home/wuji/wujihand/wujihand-ros2/wujihand_ws/install/wujihand_msgs/share/wujihand_msgs/msg/HandState.idl
-- Installing: /home/wuji/wujihand/wujihand-ros2/wujihand_ws/install/wujihand_msgs/share/wujihand_msgs/msg/HandCommand.idl
-- Installing: /home/wuji/wujihand/wujihand-ros2/wujihand_ws/install/wujihand_msgs/share/wujihand_msgs/srv/SetEnabled.idl
-- Installing: /home/wuji/wujihand/wujihand-ros2/wujihand_ws/install/wujihand_msgs/share/wujihand_msgs/srv/GetHandInfo.idl
-- Installing: /home/wuji/wujihand/wujihand-ros2/wujihand_ws/install/wujihand_msgs/share/wujihand_msgs/srv/GetDiagnostics.idl
-- Installing: /home/wuji/wujihand/wujihand-ros2/wujihand_ws/install/wujihand_msgs/share/wujihand_msgs/srv/ResetError.idl
-- Installing: /home/wuji/wujihand/wujihand-ros2/wujihand_ws/install/wujihand_msgs/share/wujihand_msgs/msg/HandState.msg
-- Installing: /home/wuji/wujihand/wujihand-ros2/wujihand_ws/install/wujihand_msgs/share/wujihand_msgs/msg/HandCommand.msg
-- Installing: /home/wuji/wujihand/wujihand-ros2/wujihand_ws/install/wujihand_msgs/share/wujihand_msgs/srv/SetEnabled.srv
-- Installing: /home/wuji/wujihand/wujihand-ros2/wujihand_ws/install/wujihand_msgs/share/wujihand_msgs/srv/GetHandInfo.srv
-- Installing: /home/wuji/wujihand/wujihand-ros2/wujihand_ws/install/wujihand_msgs/share/wujihand_msgs/srv/GetDiagnostics.srv
-- Installing: /home/wuji/wujihand/wujihand-ros2/wujihand_ws/install/wujihand_msgs/share/wujihand_msgs/srv/ResetError.srv
-- Installing: /home/wuji/wujihand/wujihand-ros2/wujihand_ws/install/wujihand_msgs/share/ament_index/resource_index/package_run_dependencies/wujihand_msgs
-- Installing: /home/wuji/wujihand/wujihand-ros2/wujihand_ws/install/wujihand_msgs/share/ament_index/resource_index/parent_prefix_path/wujihand_msgs
-- Installing: /home/wuji/wujihand/wujihand-ros2/wujihand_ws/install/wujihand_msgs/share/wujihand_msgs/environment/ament_prefix_path.sh
-- Installing: /home/wuji/wujihand/wujihand-ros2/wujihand_ws/install/wujihand_msgs/share/wujihand_msgs/environment/ament_prefix_path.dsv
-- Installing: /home/wuji/wujihand/wujihand-ros2/wujihand_ws/install/wujihand_msgs/share/wujihand_msgs/environment/path.sh
-- Installing: /home/wuji/wujihand/wujihand-ros2/wujihand_ws/install/wujihand_msgs/share/wujihand_msgs/environment/path.dsv
-- Installing: /home/wuji/wujihand/wujihand-ros2/wujihand_ws/install/wujihand_msgs/share/wujihand_msgs/local_setup.bash
-- Installing: /home/wuji/wujihand/wujihand-ros2/wujihand_ws/install/wujihand_msgs/share/wujihand_msgs/local_setup.sh
-- Installing: /home/wuji/wujihand/wujihand-ros2/wujihand_ws/install/wujihand_msgs/share/wujihand_msgs/local_setup.zsh
-- Installing: /home/wuji/wujihand/wujihand-ros2/wujihand_ws/install/wujihand_msgs/share/wujihand_msgs/local_setup.dsv
-- Installing: /home/wuji/wujihand/wujihand-ros2/wujihand_ws/install/wujihand_msgs/share/wujihand_msgs/package.dsv
-- Installing: /home/wuji/wujihand/wujihand-ros2/wujihand_ws/install/wujihand_msgs/share/ament_index/resource_index/packages/wujihand_msgs
-- Installing: /home/wuji/wujihand/wujihand-ros2/wujihand_ws/install/wujihand_msgs/share/wujihand_msgs/cmake/export_wujihand_msgs__rosidl_generator_cExport.cmake
-- Installing: /home/wuji/wujihand/wujihand-ros2/wujihand_ws/install/wujihand_msgs/share/wujihand_msgs/cmake/export_wujihand_msgs__rosidl_generator_cExport-noconfig.cmake
-- Installing: /home/wuji/wujihand/wujihand-ros2/wujihand_ws/install/wujihand_msgs/share/wujihand_msgs/cmake/export_wujihand_msgs__rosidl_typesupport_fastrtps_cExport.cmake
-- Installing: /home/wuji/wujihand/wujihand-ros2/wujihand_ws/install/wujihand_msgs/share/wujihand_msgs/cmake/export_wujihand_msgs__rosidl_typesupport_fastrtps_cExport-noconfig.cmake
-- Installing: /home/wuji/wujihand/wujihand-ros2/wujihand_ws/install/wujihand_msgs/share/wujihand_msgs/cmake/wujihand_msgs__rosidl_typesupport_introspection_cExport.cmake
-- Installing: /home/wuji/wujihand/wujihand-ros2/wujihand_ws/install/wujihand_msgs/share/wujihand_msgs/cmake/wujihand_msgs__rosidl_typesupport_introspection_cExport-noconfig.cmake
-- Installing: /home/wuji/wujihand/wujihand-ros2/wujihand_ws/install/wujihand_msgs/share/wujihand_msgs/cmake/wujihand_msgs__rosidl_typesupport_cExport.cmake
-- Installing: /home/wuji/wujihand/wujihand-ros2/wujihand_ws/install/wujihand_msgs/share/wujihand_msgs/cmake/wujihand_msgs__rosidl_typesupport_cExport-noconfig.cmake
-- Installing: /home/wuji/wujihand/wujihand-ros2/wujihand_ws/install/wujihand_msgs/share/wujihand_msgs/cmake/export_wujihand_msgs__rosidl_generator_cppExport.cmake
-- Installing: /home/wuji/wujihand/wujihand-ros2/wujihand_ws/install/wujihand_msgs/share/wujihand_msgs/cmake/export_wujihand_msgs__rosidl_typesupport_fastrtps_cppExport.cmake
-- Installing: /home/wuji/wujihand/wujihand-ros2/wujihand_ws/install/wujihand_msgs/share/wujihand_msgs/cmake/export_wujihand_msgs__rosidl_typesupport_fastrtps_cppExport-noconfig.cmake
-- Installing: /home/wuji/wujihand/wujihand-ros2/wujihand_ws/install/wujihand_msgs/share/wujihand_msgs/cmake/wujihand_msgs__rosidl_typesupport_introspection_cppExport.cmake
-- Installing: /home/wuji/wujihand/wujihand-ros2/wujihand_ws/install/wujihand_msgs/share/wujihand_msgs/cmake/wujihand_msgs__rosidl_typesupport_introspection_cppExport-noconfig.cmake
-- Installing: /home/wuji/wujihand/wujihand-ros2/wujihand_ws/install/wujihand_msgs/share/wujihand_msgs/cmake/wujihand_msgs__rosidl_typesupport_cppExport.cmake
-- Installing: /home/wuji/wujihand/wujihand-ros2/wujihand_ws/install/wujihand_msgs/share/wujihand_msgs/cmake/wujihand_msgs__rosidl_typesupport_cppExport-noconfig.cmake
-- Installing: /home/wuji/wujihand/wujihand-ros2/wujihand_ws/install/wujihand_msgs/share/wujihand_msgs/cmake/export_wujihand_msgs__rosidl_generator_pyExport.cmake
-- Installing: /home/wuji/wujihand/wujihand-ros2/wujihand_ws/install/wujihand_msgs/share/wujihand_msgs/cmake/export_wujihand_msgs__rosidl_generator_pyExport-noconfig.cmake
-- Installing: /home/wuji/wujihand/wujihand-ros2/wujihand_ws/install/wujihand_msgs/share/wujihand_msgs/cmake/rosidl_cmake-extras.cmake
-- Installing: /home/wuji/wujihand/wujihand-ros2/wujihand_ws/install/wujihand_msgs/share/wujihand_msgs/cmake/ament_cmake_export_dependencies-extras.cmake
-- Installing: /home/wuji/wujihand/wujihand-ros2/wujihand_ws/install/wujihand_msgs/share/wujihand_msgs/cmake/ament_cmake_export_include_directories-extras.cmake
-- Installing: /home/wuji/wujihand/wujihand-ros2/wujihand_ws/install/wujihand_msgs/share/wujihand_msgs/cmake/ament_cmake_export_libraries-extras.cmake
-- Installing: /home/wuji/wujihand/wujihand-ros2/wujihand_ws/install/wujihand_msgs/share/wujihand_msgs/cmake/ament_cmake_export_targets-extras.cmake
-- Installing: /home/wuji/wujihand/wujihand-ros2/wujihand_ws/install/wujihand_msgs/share/wujihand_msgs/cmake/rosidl_cmake_export_typesupport_targets-extras.cmake
-- Installing: /home/wuji/wujihand/wujihand-ros2/wujihand_ws/install/wujihand_msgs/share/wujihand_msgs/cmake/rosidl_cmake_export_typesupport_libraries-extras.cmake
-- Installing: /home/wuji/wujihand/wujihand-ros2/wujihand_ws/install/wujihand_msgs/share/wujihand_msgs/cmake/wujihand_msgsConfig.cmake
-- Installing: /home/wuji/wujihand/wujihand-ros2/wujihand_ws/install/wujihand_msgs/share/wujihand_msgs/cmake/wujihand_msgsConfig-version.cmake
-- Installing: /home/wuji/wujihand/wujihand-ros2/wujihand_ws/install/wujihand_msgs/share/wujihand_msgs/package.xml
